Info: Starting: Create block symbol file (.bsf)
Info: qsys-generate C:\intelFPGA_lite\18.1\ProjetoSemInstruction\ProjetoSemInstruction.qsys --block-symbol-file --output-directory=C:\intelFPGA_lite\18.1\ProjetoSemInstruction\ProjetoSemInstruction --family="Cyclone IV E" --part=EP4CE30F23C7
Progress: Loading ProjetoSemInstruction/ProjetoSemInstruction.qsys
Progress: Reading input file
Progress: Adding botaoDescer [altera_avalon_pio 18.1]
Progress: Parameterizing module botaoDescer
Progress: Adding botaoEntrar [altera_avalon_pio 18.1]
Progress: Parameterizing module botaoEntrar
Progress: Adding botaoSubir [altera_avalon_pio 18.1]
Progress: Parameterizing module botaoSubir
Progress: Adding botaoVoltar [altera_avalon_pio 18.1]
Progress: Parameterizing module botaoVoltar
Progress: Adding clk_0 [clock_source 18.1]
Progress: Parameterizing module clk_0
Progress: Adding jtag_uart_0 [altera_avalon_jtag_uart 18.1]
Progress: Parameterizing module jtag_uart_0
Progress: Adding lcd_16207_0 [altera_avalon_lcd_16207 18.1]
Progress: Parameterizing module lcd_16207_0
Progress: Adding ledAzul [altera_avalon_pio 18.1]
Progress: Parameterizing module ledAzul
Progress: Adding ledVerde [altera_avalon_pio 18.1]
Progress: Parameterizing module ledVerde
Progress: Adding ledVermelho [altera_avalon_pio 18.1]
Progress: Parameterizing module ledVermelho
Progress: Adding nios2_qsys_0 [altera_nios2_qsys 16.1]
Progress: Parameterizing module nios2_qsys_0
Progress: Adding onchip_memory2_0 [altera_avalon_onchip_memory2 18.1]
Progress: Parameterizing module onchip_memory2_0
Progress: Adding uart_0 [altera_avalon_uart 18.1]
Progress: Parameterizing module uart_0
Progress: Building connections
Progress: Parameterizing connections
Progress: Validating
Progress: Done reading input file
Info: ProjetoSemInstruction.botaoDescer: PIO inputs are not hardwired in test bench. Undefined values will be read from PIO inputs during simulation.
Info: ProjetoSemInstruction.botaoEntrar: PIO inputs are not hardwired in test bench. Undefined values will be read from PIO inputs during simulation.
Info: ProjetoSemInstruction.botaoSubir: PIO inputs are not hardwired in test bench. Undefined values will be read from PIO inputs during simulation.
Info: ProjetoSemInstruction.botaoVoltar: PIO inputs are not hardwired in test bench. Undefined values will be read from PIO inputs during simulation.
Info: ProjetoSemInstruction.jtag_uart_0: JTAG UART IP input clock need to be at least double (2x) the operating frequency of JTAG TCK on board
Info: ProjetoSemInstruction.lcd_16207_0: Altera Avalon LCD 16207 will only be supported in Quartus Prime Standard Edition in the future release.
Warning: ProjetoSemInstruction.nios2_qsys_0: Nios II Classic cores are no longer recommended for new projects
Info: qsys-generate succeeded.
Info: Finished: Create block symbol file (.bsf)
Info: 
Info: Starting: Create HDL design files for synthesis
Info: qsys-generate C:\intelFPGA_lite\18.1\ProjetoSemInstruction\ProjetoSemInstruction.qsys --synthesis=VERILOG --output-directory=C:\intelFPGA_lite\18.1\ProjetoSemInstruction\ProjetoSemInstruction\synthesis --family="Cyclone IV E" --part=EP4CE30F23C7
Progress: Loading ProjetoSemInstruction/ProjetoSemInstruction.qsys
Progress: Reading input file
Progress: Adding botaoDescer [altera_avalon_pio 18.1]
Progress: Parameterizing module botaoDescer
Progress: Adding botaoEntrar [altera_avalon_pio 18.1]
Progress: Parameterizing module botaoEntrar
Progress: Adding botaoSubir [altera_avalon_pio 18.1]
Progress: Parameterizing module botaoSubir
Progress: Adding botaoVoltar [altera_avalon_pio 18.1]
Progress: Parameterizing module botaoVoltar
Progress: Adding clk_0 [clock_source 18.1]
Progress: Parameterizing module clk_0
Progress: Adding jtag_uart_0 [altera_avalon_jtag_uart 18.1]
Progress: Parameterizing module jtag_uart_0
Progress: Adding lcd_16207_0 [altera_avalon_lcd_16207 18.1]
Progress: Parameterizing module lcd_16207_0
Progress: Adding ledAzul [altera_avalon_pio 18.1]
Progress: Parameterizing module ledAzul
Progress: Adding ledVerde [altera_avalon_pio 18.1]
Progress: Parameterizing module ledVerde
Progress: Adding ledVermelho [altera_avalon_pio 18.1]
Progress: Parameterizing module ledVermelho
Progress: Adding nios2_qsys_0 [altera_nios2_qsys 16.1]
Progress: Parameterizing module nios2_qsys_0
Progress: Adding onchip_memory2_0 [altera_avalon_onchip_memory2 18.1]
Progress: Parameterizing module onchip_memory2_0
Progress: Adding uart_0 [altera_avalon_uart 18.1]
Progress: Parameterizing module uart_0
Progress: Building connections
Progress: Parameterizing connections
Progress: Validating
Progress: Done reading input file
Info: ProjetoSemInstruction.botaoDescer: PIO inputs are not hardwired in test bench. Undefined values will be read from PIO inputs during simulation.
Info: ProjetoSemInstruction.botaoEntrar: PIO inputs are not hardwired in test bench. Undefined values will be read from PIO inputs during simulation.
Info: ProjetoSemInstruction.botaoSubir: PIO inputs are not hardwired in test bench. Undefined values will be read from PIO inputs during simulation.
Info: ProjetoSemInstruction.botaoVoltar: PIO inputs are not hardwired in test bench. Undefined values will be read from PIO inputs during simulation.
Info: ProjetoSemInstruction.jtag_uart_0: JTAG UART IP input clock need to be at least double (2x) the operating frequency of JTAG TCK on board
Info: ProjetoSemInstruction.lcd_16207_0: Altera Avalon LCD 16207 will only be supported in Quartus Prime Standard Edition in the future release.
Warning: ProjetoSemInstruction.nios2_qsys_0: Nios II Classic cores are no longer recommended for new projects
Info: ProjetoSemInstruction: Generating ProjetoSemInstruction "ProjetoSemInstruction" for QUARTUS_SYNTH
Info: botaoDescer: Starting RTL generation for module 'ProjetoSemInstruction_botaoDescer'
Info: botaoDescer:   Generation command is [exec C:/intelfpga_lite/18.1/quartus/bin64/perl/bin/perl.exe -I C:/intelfpga_lite/18.1/quartus/bin64/perl/lib -I C:/intelfpga_lite/18.1/quartus/sopc_builder/bin/europa -I C:/intelfpga_lite/18.1/quartus/sopc_builder/bin/perl_lib -I C:/intelfpga_lite/18.1/quartus/sopc_builder/bin -I C:/intelfpga_lite/18.1/quartus/../ip/altera/sopc_builder_ip/common -I C:/intelfpga_lite/18.1/quartus/../ip/altera/sopc_builder_ip/altera_avalon_pio -- C:/intelfpga_lite/18.1/quartus/../ip/altera/sopc_builder_ip/altera_avalon_pio/generate_rtl.pl --name=ProjetoSemInstruction_botaoDescer --dir=C:/Users/vanessa/AppData/Local/Temp/alt7854_2500809114533966987.dir/0002_botaoDescer_gen/ --quartus_dir=C:/intelfpga_lite/18.1/quartus --verilog --config=C:/Users/vanessa/AppData/Local/Temp/alt7854_2500809114533966987.dir/0002_botaoDescer_gen//ProjetoSemInstruction_botaoDescer_component_configuration.pl  --do_build_sim=0  ]
Info: botaoDescer: Done RTL generation for module 'ProjetoSemInstruction_botaoDescer'
Info: botaoDescer: "ProjetoSemInstruction" instantiated altera_avalon_pio "botaoDescer"
Info: jtag_uart_0: Starting RTL generation for module 'ProjetoSemInstruction_jtag_uart_0'
Info: jtag_uart_0:   Generation command is [exec C:/intelfpga_lite/18.1/quartus/bin64/perl/bin/perl.exe -I C:/intelfpga_lite/18.1/quartus/bin64/perl/lib -I C:/intelfpga_lite/18.1/quartus/sopc_builder/bin/europa -I C:/intelfpga_lite/18.1/quartus/sopc_builder/bin/perl_lib -I C:/intelfpga_lite/18.1/quartus/sopc_builder/bin -I C:/intelfpga_lite/18.1/quartus/../ip/altera/sopc_builder_ip/common -I C:/intelfpga_lite/18.1/quartus/../ip/altera/sopc_builder_ip/altera_avalon_jtag_uart -- C:/intelfpga_lite/18.1/quartus/../ip/altera/sopc_builder_ip/altera_avalon_jtag_uart/generate_rtl.pl --name=ProjetoSemInstruction_jtag_uart_0 --dir=C:/Users/vanessa/AppData/Local/Temp/alt7854_2500809114533966987.dir/0003_jtag_uart_0_gen/ --quartus_dir=C:/intelfpga_lite/18.1/quartus --verilog --config=C:/Users/vanessa/AppData/Local/Temp/alt7854_2500809114533966987.dir/0003_jtag_uart_0_gen//ProjetoSemInstruction_jtag_uart_0_component_configuration.pl  --do_build_sim=0  ]
Info: jtag_uart_0: Done RTL generation for module 'ProjetoSemInstruction_jtag_uart_0'
Info: jtag_uart_0: "ProjetoSemInstruction" instantiated altera_avalon_jtag_uart "jtag_uart_0"
Info: lcd_16207_0: Starting RTL generation for module 'ProjetoSemInstruction_lcd_16207_0'
Info: lcd_16207_0:   Generation command is [exec C:/intelfpga_lite/18.1/quartus/bin64/perl/bin/perl.exe -I C:/intelfpga_lite/18.1/quartus/bin64/perl/lib -I C:/intelfpga_lite/18.1/quartus/sopc_builder/bin/europa -I C:/intelfpga_lite/18.1/quartus/sopc_builder/bin/perl_lib -I C:/intelfpga_lite/18.1/quartus/sopc_builder/bin -I C:/intelfpga_lite/18.1/quartus/../ip/altera/sopc_builder_ip/common -I C:/intelfpga_lite/18.1/quartus/../ip/altera/sopc_builder_ip/altera_avalon_lcd_16207 -- C:/intelfpga_lite/18.1/quartus/../ip/altera/sopc_builder_ip/altera_avalon_lcd_16207/generate_rtl.pl --name=ProjetoSemInstruction_lcd_16207_0 --dir=C:/Users/vanessa/AppData/Local/Temp/alt7854_2500809114533966987.dir/0004_lcd_16207_0_gen/ --quartus_dir=C:/intelfpga_lite/18.1/quartus --verilog --config=C:/Users/vanessa/AppData/Local/Temp/alt7854_2500809114533966987.dir/0004_lcd_16207_0_gen//ProjetoSemInstruction_lcd_16207_0_component_configuration.pl  --do_build_sim=0  ]
Info: lcd_16207_0: Done RTL generation for module 'ProjetoSemInstruction_lcd_16207_0'
Info: lcd_16207_0: "ProjetoSemInstruction" instantiated altera_avalon_lcd_16207 "lcd_16207_0"
Info: ledAzul: Starting RTL generation for module 'ProjetoSemInstruction_ledAzul'
Info: ledAzul:   Generation command is [exec C:/intelfpga_lite/18.1/quartus/bin64/perl/bin/perl.exe -I C:/intelfpga_lite/18.1/quartus/bin64/perl/lib -I C:/intelfpga_lite/18.1/quartus/sopc_builder/bin/europa -I C:/intelfpga_lite/18.1/quartus/sopc_builder/bin/perl_lib -I C:/intelfpga_lite/18.1/quartus/sopc_builder/bin -I C:/intelfpga_lite/18.1/quartus/../ip/altera/sopc_builder_ip/common -I C:/intelfpga_lite/18.1/quartus/../ip/altera/sopc_builder_ip/altera_avalon_pio -- C:/intelfpga_lite/18.1/quartus/../ip/altera/sopc_builder_ip/altera_avalon_pio/generate_rtl.pl --name=ProjetoSemInstruction_ledAzul --dir=C:/Users/vanessa/AppData/Local/Temp/alt7854_2500809114533966987.dir/0005_ledAzul_gen/ --quartus_dir=C:/intelfpga_lite/18.1/quartus --verilog --config=C:/Users/vanessa/AppData/Local/Temp/alt7854_2500809114533966987.dir/0005_ledAzul_gen//ProjetoSemInstruction_ledAzul_component_configuration.pl  --do_build_sim=0  ]
Info: ledAzul: Done RTL generation for module 'ProjetoSemInstruction_ledAzul'
Info: ledAzul: "ProjetoSemInstruction" instantiated altera_avalon_pio "ledAzul"
Info: nios2_qsys_0: Starting RTL generation for module 'ProjetoSemInstruction_nios2_qsys_0'
Info: nios2_qsys_0:   Generation command is [exec C:/intelfpga_lite/18.1/quartus/bin64/eperlcmd.exe -I C:/intelfpga_lite/18.1/quartus/bin64/perl/lib -I C:/intelfpga_lite/18.1/quartus/sopc_builder/bin/europa -I C:/intelfpga_lite/18.1/quartus/sopc_builder/bin/perl_lib -I C:/intelfpga_lite/18.1/quartus/sopc_builder/bin -I C:/intelfpga_lite/18.1/quartus/../ip/altera/nios2_ip/altera_nios2/cpu_lib -I C:/intelfpga_lite/18.1/quartus/../ip/altera/nios2_ip/altera_nios2/nios_lib -I C:/intelfpga_lite/18.1/quartus/../ip/altera/nios2_ip/altera_nios2 -I C:/intelfpga_lite/18.1/quartus/../ip/altera/nios2_ip/altera_nios2 -- C:/intelfpga_lite/18.1/quartus/../ip/altera/nios2_ip/altera_nios2/generate_rtl.epl --name=ProjetoSemInstruction_nios2_qsys_0 --dir=C:/Users/vanessa/AppData/Local/Temp/alt7854_2500809114533966987.dir/0006_nios2_qsys_0_gen/ --quartus_bindir=C:/intelfpga_lite/18.1/quartus/bin64 --verilog --config=C:/Users/vanessa/AppData/Local/Temp/alt7854_2500809114533966987.dir/0006_nios2_qsys_0_gen//ProjetoSemInstruction_nios2_qsys_0_processor_configuration.pl  --do_build_sim=0  ]
Info: nios2_qsys_0: # 2018.11.19 14:14:49 (*) Starting Nios II generation
Info: nios2_qsys_0: # 2018.11.19 14:14:49 (*)   Checking for plaintext license.
Info: nios2_qsys_0: # 2018.11.19 14:15:02 (*)   Couldn't query license setup in Quartus directory C:/intelfpga_lite/18.1/quartus/bin64
Info: nios2_qsys_0: # 2018.11.19 14:15:02 (*)   Defaulting to contents of LM_LICENSE_FILE environment variable
Info: nios2_qsys_0: # 2018.11.19 14:15:02 (*)   LM_LICENSE_FILE environment variable is empty
Info: nios2_qsys_0: # 2018.11.19 14:15:02 (*)   Plaintext license not found.
Info: nios2_qsys_0: # 2018.11.19 14:15:02 (*)   No license required to generate encrypted Nios II/e.
Info: nios2_qsys_0: # 2018.11.19 14:15:02 (*)   Elaborating CPU configuration settings
Info: nios2_qsys_0: child process exited abnormally
Error: nios2_qsys_0: Failed to generate module ProjetoSemInstruction_nios2_qsys_0
Info: nios2_qsys_0: Done RTL generation for module 'ProjetoSemInstruction_nios2_qsys_0'
Info: nios2_qsys_0: "ProjetoSemInstruction" instantiated altera_nios2_qsys "nios2_qsys_0"
Error: Generation stopped, 5 or more modules remaining
Info: ProjetoSemInstruction: Done "ProjetoSemInstruction" with 11 modules, 5 files
Error: qsys-generate failed with exit code 1: 2 Errors, 1 Warning
Info: Finished: Create HDL design files for synthesis
